<?xml version="1.0" encoding="UTF-8"?>
<!-- Generated by org.testng.reporters.JUnitXMLReporter -->
<testsuite ignored="2" hostname="LAPTOP-UHRH943N" failures="1" tests="3" name="Test" time="31.681" errors="0" timestamp="2026-02-07T17:36:09 IST">
  <testcase classname="practiceTestng.campaignTestng" name="createCampaignStatus" time="15.034"/>
  <testcase classname="practiceTestng.campaignTestng" name="reateCampaignExpectedDate" time="10.632">
    <failure type="org.openqa.selenium.ElementClickInterceptedException" message="element click intercepted: Element &amp;lt;button class=&amp;quot;Toastify__close-button Toastify__close-button--error&amp;quot; type=&amp;quot;button&amp;quot; aria-label=&amp;quot;close&amp;quot;&amp;gt;...&amp;lt;/button&amp;gt; is not clickable at point (1479, 56). Other element would receive the click: &amp;lt;div role=&amp;quot;alert&amp;quot; class=&amp;quot;Toastify__toast-body&amp;quot;&amp;gt;...&amp;lt;/div&amp;gt;
  (Session info: chrome=144.0.7559.133)
Build info: version: &amp;apos;4.40.0&amp;apos;, revision: &amp;apos;b3333f1&amp;apos;
System info: os.name: &amp;apos;Windows 11&amp;apos;, os.arch: &amp;apos;amd64&amp;apos;, os.version: &amp;apos;10.0&amp;apos;, java.version: &amp;apos;21.0.9&amp;apos;
Driver info: org.openqa.selenium.chrome.ChromeDriver
Command: [33d49eaf2418c0c5e57cc8dcbbb61ca8, clickElement {id=f.6E06CFC5B2F985F89209E8CD43DB75EE.d.D99DB55F5E3A5A78E6EE99B63A585846.e.58}]
Capabilities {acceptInsecureCerts: false, browserName: chrome, browserVersion: 144.0.7559.133, chrome: {chromedriverVersion: 144.0.7559.133 (7da823b1d59..., userDataDir: C:\Users\murug\AppData\Loca...}, fedcm:accounts: true, goog:chromeOptions: {debuggerAddress: localhost:49857}, goog:processID: 22648, networkConnectionEnabled: false, pageLoadStrategy: normal, platformName: windows, proxy: Proxy(), se:cdp: ws://localhost:49857/devtoo..., se:cdpVersion: 144.0.7559.133, setWindowRect: true, strictFileInteractability: false, timeouts: {implicit: 0, pageLoad: 300000, script: 30000}, unhandledPromptBehavior: dismiss and notify, webauthn:extension:credBlob: true, webauthn:extension:largeBlob: true, webauthn:extension:minPinLength: true, webauthn:extension:prf: true, webauthn:virtualAuthenticators: true}
Element: [[ChromeDriver: chrome on windows (33d49eaf2418c0c5e57cc8dcbbb61ca8)] -&amp;gt; xpath: //button[@aria-label=&amp;quot;close&amp;quot;]]
Session ID: 33d49eaf2418c0c5e57cc8dcbbb61ca8">
      <![CDATA[org.openqa.selenium.ElementClickInterceptedException: element click intercepted: Element <button class="Toastify__close-button Toastify__close-button--error" type="button" aria-label="close">...</button> is not clickable at point (1479, 56). Other element would receive the click: <div role="alert" class="Toastify__toast-body">...</div>
  (Session info: chrome=144.0.7559.133)
Build info: version: '4.40.0', revision: 'b3333f1'
System info: os.name: 'Windows 11', os.arch: 'amd64', os.version: '10.0', java.version: '21.0.9'
Driver info: org.openqa.selenium.chrome.ChromeDriver
Command: [33d49eaf2418c0c5e57cc8dcbbb61ca8, clickElement {id=f.6E06CFC5B2F985F89209E8CD43DB75EE.d.D99DB55F5E3A5A78E6EE99B63A585846.e.58}]
Capabilities {acceptInsecureCerts: false, browserName: chrome, browserVersion: 144.0.7559.133, chrome: {chromedriverVersion: 144.0.7559.133 (7da823b1d59..., userDataDir: C:\Users\murug\AppData\Loca...}, fedcm:accounts: true, goog:chromeOptions: {debuggerAddress: localhost:49857}, goog:processID: 22648, networkConnectionEnabled: false, pageLoadStrategy: normal, platformName: windows, proxy: Proxy(), se:cdp: ws://localhost:49857/devtoo..., se:cdpVersion: 144.0.7559.133, setWindowRect: true, strictFileInteractability: false, timeouts: {implicit: 0, pageLoad: 300000, script: 30000}, unhandledPromptBehavior: dismiss and notify, webauthn:extension:credBlob: true, webauthn:extension:largeBlob: true, webauthn:extension:minPinLength: true, webauthn:extension:prf: true, webauthn:virtualAuthenticators: true}
Element: [[ChromeDriver: chrome on windows (33d49eaf2418c0c5e57cc8dcbbb61ca8)] -> xpath: //button[@aria-label="close"]]
Session ID: 33d49eaf2418c0c5e57cc8dcbbb61ca8
at org.openqa.selenium.remote.ErrorCodec.decode(ErrorCodec.java:169)
at org.openqa.selenium.remote.codec.w3c.W3CHttpResponseCodec.decode(W3CHttpResponseCodec.java:142)
at org.openqa.selenium.remote.codec.w3c.W3CHttpResponseCodec.decode(W3CHttpResponseCodec.java:49)
at org.openqa.selenium.remote.HttpCommandExecutor.execute(HttpCommandExecutor.java:223)
at org.openqa.selenium.remote.service.DriverCommandExecutor.invokeExecute(DriverCommandExecutor.java:216)
at org.openqa.selenium.remote.service.DriverCommandExecutor.execute(DriverCommandExecutor.java:174)
at org.openqa.selenium.remote.RemoteWebDriver.execute(RemoteWebDriver.java:601)
at org.openqa.selenium.remote.RemoteWebElement.execute(RemoteWebElement.java:223)
at org.openqa.selenium.remote.RemoteWebElement.click(RemoteWebElement.java:76)
at org.openqa.selenium.support.pagefactory.internal.LocatingElementHandler.invoke(LocatingElementHandler.java:51)
at jdk.proxy2/jdk.proxy2.$Proxy10.click(Unknown Source)
at com.comcast.crm.objectrepository.Logout.tologout(Logout.java:48)
at practiceTestng.campaignTestng.reateCampaignExpectedDate(campaignTestng.java:204)
at java.base/java.util.ArrayList.forEach(ArrayList.java:1596)
at java.base/java.util.concurrent.FutureTask.run(FutureTask.java:317)
at java.base/java.util.concurrent.ThreadPoolExecutor.runWorker(ThreadPoolExecutor.java:1144)
at java.base/java.util.concurrent.ThreadPoolExecutor$Worker.run(ThreadPoolExecutor.java:642)
at java.base/java.lang.Thread.run(Thread.java:1583)
... Removed 17 stack frames]]>
    </failure>
  </testcase> <!-- reateCampaignExpectedDate -->
  <testcase classname="practiceTestng.productTestng" name="createProductPage" time="5.923"/>
  <testcase classname="practiceTestng.contactTestng" name="createContactPage" time="0.0">
    <ignored/>
  </testcase> <!-- createContactPage -->
  <testcase classname="practiceTestng.campaignTestng" name="createCampaign" time="0.0">
    <ignored/>
  </testcase> <!-- createCampaign -->
</testsuite> <!-- Test -->
