<?xml version="1.0" encoding="UTF-8"?>
<testng-results ignored="0" total="1" passed="1" failed="0" skipped="0">
  <reporter-output>
    <line>
      <![CDATA[Post Conditions]]>
    </line>
    <line>
      <![CDATA[Disconnect DB]]>
    </line>
  </reporter-output>
  <suite started-at="2026-03-28T17:12:31 IST" name="Default suite" finished-at="2026-03-28T17:12:45 IST" duration-ms="13946">
    <groups>
    </groups>
    <test started-at="2026-03-28T17:12:31 IST" name="Default test" finished-at="2026-03-28T17:12:45 IST" duration-ms="13946">
      <class name="testNgExtendBaseclass.cotactTest">
        <test-method is-config="true" signature="beforeSuite()[pri:0, instance:testNgExtendBaseclass.cotactTest@3c9754d8]" started-at="2026-03-28T17:12:31 IST" name="beforeSuite" finished-at="2026-03-28T17:12:31 IST" duration-ms="22" status="PASS">
          <reporter-output>
          </reporter-output>
        </test-method> <!-- beforeSuite -->
        <test-method is-config="true" signature="beforeTest()[pri:0, instance:testNgExtendBaseclass.cotactTest@3c9754d8]" started-at="2026-03-28T17:12:31 IST" name="beforeTest" finished-at="2026-03-28T17:12:31 IST" duration-ms="1" status="PASS">
          <reporter-output>
          </reporter-output>
        </test-method> <!-- beforeTest -->
        <test-method is-config="true" signature="beforeClass()[pri:0, instance:testNgExtendBaseclass.cotactTest@3c9754d8]" started-at="2026-03-28T17:12:31 IST" name="beforeClass" finished-at="2026-03-28T17:12:36 IST" duration-ms="5255" status="PASS">
          <reporter-output>
          </reporter-output>
        </test-method> <!-- beforeClass -->
        <test-method is-config="true" signature="beforeMethod()[pri:0, instance:testNgExtendBaseclass.cotactTest@3c9754d8]" started-at="2026-03-28T17:12:37 IST" name="beforeMethod" finished-at="2026-03-28T17:12:41 IST" duration-ms="4545" status="PASS">
          <reporter-output>
          </reporter-output>
        </test-method> <!-- beforeMethod -->
        <test-method signature="createContactPage()[pri:0, instance:testNgExtendBaseclass.cotactTest@3c9754d8]" started-at="2026-03-28T17:12:41 IST" name="createContactPage" finished-at="2026-03-28T17:12:45 IST" duration-ms="3619" status="PASS">
          <reporter-output>
          </reporter-output>
        </test-method> <!-- createContactPage -->
        <test-method is-config="true" signature="afterMethod()[pri:0, instance:testNgExtendBaseclass.cotactTest@3c9754d8]" started-at="2026-03-28T17:12:45 IST" name="afterMethod" finished-at="2026-03-28T17:12:45 IST" duration-ms="4" status="PASS">
          <reporter-output>
          </reporter-output>
        </test-method> <!-- afterMethod -->
        <test-method is-config="true" signature="afterClass()[pri:0, instance:testNgExtendBaseclass.cotactTest@3c9754d8]" started-at="2026-03-28T17:12:45 IST" name="afterClass" finished-at="2026-03-28T17:12:45 IST" duration-ms="422" status="PASS">
          <reporter-output>
          </reporter-output>
        </test-method> <!-- afterClass -->
        <test-method is-config="true" signature="afterTest()[pri:0, instance:testNgExtendBaseclass.cotactTest@3c9754d8]" started-at="2026-03-28T17:12:45 IST" name="afterTest" finished-at="2026-03-28T17:12:45 IST" duration-ms="1" status="PASS">
          <reporter-output>
            <line>
              <![CDATA[Post Conditions]]>
            </line>
          </reporter-output>
        </test-method> <!-- afterTest -->
        <test-method is-config="true" signature="afterSuite()[pri:0, instance:testNgExtendBaseclass.cotactTest@3c9754d8]" started-at="2026-03-28T17:12:45 IST" name="afterSuite" finished-at="2026-03-28T17:12:45 IST" duration-ms="0" status="PASS">
          <reporter-output>
            <line>
              <![CDATA[Disconnect DB]]>
            </line>
          </reporter-output>
        </test-method> <!-- afterSuite -->
      </class> <!-- testNgExtendBaseclass.cotactTest -->
    </test> <!-- Default test -->
  </suite> <!-- Default suite -->
</testng-results>
