<?xml version="1.0" encoding="UTF-8"?>
<!-- Generated by org.testng.reporters.JUnitReportReporter -->
<testsuite hostname="LAPTOP-UHRH943N" failures="0" tests="1" name="testNgExtendBaseclass.cotactTest" time="8.168" errors="0" timestamp="2026-03-28T17:12:45 IST" skipped="0">
  <testcase classname="testNgExtendBaseclass.cotactTest" name="createContactPage" time="8.168"/>
  <system-out>
    <![CDATA[Post Conditions
Disconnect DB]]>
  </system-out>
</testsuite> <!-- testNgExtendBaseclass.cotactTest -->
